[debug] [2024-09-20T17:14:28.550Z] ----------------------------------------------------------------------
[debug] [2024-09-20T17:14:28.552Z] Command:       /Users/konstantinoslepidas/.nvm/versions/node/v18.18.2/bin/node /Users/konstantinoslepidas/.nvm/versions/node/v18.18.2/bin/firebase init functions
[debug] [2024-09-20T17:14:28.553Z] CLI Version:   13.18.0
[debug] [2024-09-20T17:14:28.553Z] Platform:      darwin
[debug] [2024-09-20T17:14:28.553Z] Node Version:  v18.18.2
[debug] [2024-09-20T17:14:28.554Z] Time:          Fri Sep 20 2024 20:14:28 GMT+0300 (Eastern European Summer Time)
[debug] [2024-09-20T17:14:28.554Z] ----------------------------------------------------------------------
[debug] 
[debug] [2024-09-20T17:14:28.557Z] >>> [apiv2][query] GET https://firebase-public.firebaseio.com/cli.json [none]
[debug] [2024-09-20T17:14:28.608Z] > command requires scopes: ["email","openid","https://www.googleapis.com/auth/cloudplatformprojects.readonly","https://www.googleapis.com/auth/firebase","https://www.googleapis.com/auth/cloud-platform"]
[debug] [2024-09-20T17:14:28.608Z] > authorizing via signed-in user (kolepidas@gmail.com)
[info] 
     ######## #### ########  ######## ########     ###     ######  ########
     ##        ##  ##     ## ##       ##     ##  ##   ##  ##       ##
     ######    ##  ########  ######   ########  #########  ######  ######
     ##        ##  ##    ##  ##       ##     ## ##     ##       ## ##
     ##       #### ##     ## ######## ########  ##     ##  ######  ########

You're about to initialize a Firebase project in this directory:

  /Users/konstantinoslepidas/Desktop/minter

[info] 
=== Project Setup
[info] 
[info] First, let's associate this project directory with a Firebase project.
[info] You can create multiple project aliases by running firebase use --add, 
[info] but for now we'll just set up a default project.
[info] 
[debug] [2024-09-20T17:14:28.994Z] <<< [apiv2][status] GET https://firebase-public.firebaseio.com/cli.json 200
[debug] [2024-09-20T17:14:28.995Z] <<< [apiv2][body] GET https://firebase-public.firebaseio.com/cli.json {"cloudBuildErrorAfter":1594252800000,"cloudBuildWarnAfter":1590019200000,"defaultNode10After":1594252800000,"minVersion":"3.0.5","node8DeploysDisabledAfter":1613390400000,"node8RuntimeDisabledAfter":1615809600000,"node8WarnAfter":1600128000000}
